This is pdfTeX, Version 3.141592653-2.6-1.40.25 (TeX Live 2023/Debian) (preloaded format=pdflatex 2025.11.24)  5 JAN 2026 21:48
entering extended mode
 restricted \write18 enabled.
 %&-line parsing enabled.
**report.tex
(./report.tex
LaTeX2e <2023-11-01> patch level 1
L3 programming layer <2024-01-22>
(/usr/share/texlive/texmf-dist/tex/latex/base/article.cls
Document Class: article 2023/05/17 v1.4n Standard LaTeX document class
(/usr/share/texlive/texmf-dist/tex/latex/base/size10.clo
File: size10.clo 2023/05/17 v1.4n Standard LaTeX file (size option)
)
\c@part=\count187
\c@section=\count188
\c@subsection=\count189
\c@subsubsection=\count190
\c@paragraph=\count191
\c@subparagraph=\count192
\c@figure=\count193
\c@table=\count194
\abovecaptionskip=\skip48
\belowcaptionskip=\skip49
\bibindent=\dimen140
)
(/usr/share/texlive/texmf-dist/tex/latex/graphics/graphicx.sty
Package: graphicx 2021/09/16 v1.2d Enhanced LaTeX Graphics (DPC,SPQR)

(/usr/share/texlive/texmf-dist/tex/latex/graphics/keyval.sty
Package: keyval 2022/05/29 v1.15 key=value parser (DPC)
\KV@toks@=\toks17
)
(/usr/share/texlive/texmf-dist/tex/latex/graphics/graphics.sty
Package: graphics 2022/03/10 v1.4e Standard LaTeX Graphics (DPC,SPQR)

(/usr/share/texlive/texmf-dist/tex/latex/graphics/trig.sty
Package: trig 2021/08/11 v1.11 sin cos tan (DPC)
)
(/usr/share/texlive/texmf-dist/tex/latex/graphics-cfg/graphics.cfg
File: graphics.cfg 2016/06/04 v1.11 sample graphics configuration
)
Package graphics Info: Driver file: pdftex.def on input line 107.

(/usr/share/texlive/texmf-dist/tex/latex/graphics-def/pdftex.def
File: pdftex.def 2022/09/22 v1.2b Graphics/color driver for pdftex
))
\Gin@req@height=\dimen141
\Gin@req@width=\dimen142
)
(/usr/share/texlive/texmf-dist/tex/latex/listings/listings.sty
\lst@mode=\count195
\lst@gtempboxa=\box51
\lst@token=\toks18
\lst@length=\count196
\lst@currlwidth=\dimen143
\lst@column=\count197
\lst@pos=\count198
\lst@lostspace=\dimen144
\lst@width=\dimen145
\lst@newlines=\count199
\lst@lineno=\count266
\lst@maxwidth=\dimen146

(/usr/share/texlive/texmf-dist/tex/latex/listings/lstmisc.sty
File: lstmisc.sty 2023/02/27 1.9 (Carsten Heinz)
\c@lstnumber=\count267
\lst@skipnumbers=\count268
\lst@framebox=\box52
)
(/usr/share/texlive/texmf-dist/tex/latex/listings/listings.cfg
File: listings.cfg 2023/02/27 1.9 listings configuration
))
Package: listings 2023/02/27 1.9 (Carsten Heinz)

(/usr/share/texlive/texmf-dist/tex/latex/xcolor/xcolor.sty
Package: xcolor 2023/11/15 v3.01 LaTeX color extensions (UK)

(/usr/share/texlive/texmf-dist/tex/latex/graphics-cfg/color.cfg
File: color.cfg 2016/01/02 v1.6 sample color configuration
)
Package xcolor Info: Driver file: pdftex.def on input line 274.

(/usr/share/texlive/texmf-dist/tex/latex/graphics/mathcolor.ltx)
Package xcolor Info: Model `cmy' substituted by `cmy0' on input line 1350.
Package xcolor Info: Model `hsb' substituted by `rgb' on input line 1354.
Package xcolor Info: Model `RGB' extended on input line 1366.
Package xcolor Info: Model `HTML' substituted by `rgb' on input line 1368.
Package xcolor Info: Model `Hsb' substituted by `hsb' on input line 1369.
Package xcolor Info: Model `tHsb' substituted by `hsb' on input line 1370.
Package xcolor Info: Model `HSB' substituted by `hsb' on input line 1371.
Package xcolor Info: Model `Gray' substituted by `gray' on input line 1372.
Package xcolor Info: Model `wave' substituted by `hsb' on input line 1373.
)
(/usr/share/texlive/texmf-dist/tex/latex/float/float.sty
Package: float 2001/11/08 v1.3d Float enhancements (AL)
\c@float@type=\count269
\float@exts=\toks19
\float@box=\box53
\@float@everytoks=\toks20
\@floatcapt=\box54
)
(/usr/share/texlive/texmf-dist/tex/latex/geometry/geometry.sty
Package: geometry 2020/01/02 v5.9 Page Geometry

(/usr/share/texlive/texmf-dist/tex/generic/iftex/ifvtex.sty
Package: ifvtex 2019/10/25 v1.7 ifvtex legacy package. Use iftex instead.

(/usr/share/texlive/texmf-dist/tex/generic/iftex/iftex.sty
Package: iftex 2022/02/03 v1.0f TeX engine tests
))
\Gm@cnth=\count270
\Gm@cntv=\count271
\c@Gm@tempcnt=\count272
\Gm@bindingoffset=\dimen147
\Gm@wd@mp=\dimen148
\Gm@odd@mp=\dimen149
\Gm@even@mp=\dimen150
\Gm@layoutwidth=\dimen151
\Gm@layoutheight=\dimen152
\Gm@layouthoffset=\dimen153
\Gm@layoutvoffset=\dimen154
\Gm@dimlist=\toks21
)
(/usr/share/texlive/texmf-dist/tex/latex/amsmath/amsmath.sty
Package: amsmath 2023/05/13 v2.17o AMS math features
\@mathmargin=\skip50

For additional information on amsmath, use the `?' option.
(/usr/share/texlive/texmf-dist/tex/latex/amsmath/amstext.sty
Package: amstext 2021/08/26 v2.01 AMS text

(/usr/share/texlive/texmf-dist/tex/latex/amsmath/amsgen.sty
File: amsgen.sty 1999/11/30 v2.0 generic functions
\@emptytoks=\toks22
\ex@=\dimen155
))
(/usr/share/texlive/texmf-dist/tex/latex/amsmath/amsbsy.sty
Package: amsbsy 1999/11/29 v1.2d Bold Symbols
\pmbraise@=\dimen156
)
(/usr/share/texlive/texmf-dist/tex/latex/amsmath/amsopn.sty
Package: amsopn 2022/04/08 v2.04 operator names
)
\inf@bad=\count273
LaTeX Info: Redefining \frac on input line 234.
\uproot@=\count274
\leftroot@=\count275
LaTeX Info: Redefining \overline on input line 399.
LaTeX Info: Redefining \colon on input line 410.
\classnum@=\count276
\DOTSCASE@=\count277
LaTeX Info: Redefining \ldots on input line 496.
LaTeX Info: Redefining \dots on input line 499.
LaTeX Info: Redefining \cdots on input line 620.
\Mathstrutbox@=\box55
\strutbox@=\box56
LaTeX Info: Redefining \big on input line 722.
LaTeX Info: Redefining \Big on input line 723.
LaTeX Info: Redefining \bigg on input line 724.
LaTeX Info: Redefining \Bigg on input line 725.
\big@size=\dimen157
LaTeX Font Info:    Redeclaring font encoding OML on input line 743.
LaTeX Font Info:    Redeclaring font encoding OMS on input line 744.
\macc@depth=\count278
LaTeX Info: Redefining \bmod on input line 905.
LaTeX Info: Redefining \pmod on input line 910.
LaTeX Info: Redefining \smash on input line 940.
LaTeX Info: Redefining \relbar on input line 970.
LaTeX Info: Redefining \Relbar on input line 971.
\c@MaxMatrixCols=\count279
\dotsspace@=\muskip16
\c@parentequation=\count280
\dspbrk@lvl=\count281
\tag@help=\toks23
\row@=\count282
\column@=\count283
\maxfields@=\count284
\andhelp@=\toks24
\eqnshift@=\dimen158
\alignsep@=\dimen159
\tagshift@=\dimen160
\tagwidth@=\dimen161
\totwidth@=\dimen162
\lineht@=\dimen163
\@envbody=\toks25
\multlinegap=\skip51
\multlinetaggap=\skip52
\mathdisplay@stack=\toks26
LaTeX Info: Redefining \[ on input line 2953.
LaTeX Info: Redefining \] on input line 2954.
)
(/usr/share/texlive/texmf-dist/tex/latex/l3backend/l3backend-pdftex.def
File: l3backend-pdftex.def 2024-01-04 L3 backend support: PDF output (pdfTeX)
\l__color_backend_stack_int=\count285
\l__pdf_internal_box=\box57
)
(./report.aux)
\openout1 = `report.aux'.

LaTeX Font Info:    Checking defaults for OML/cmm/m/it on input line 40.
LaTeX Font Info:    ... okay on input line 40.
LaTeX Font Info:    Checking defaults for OMS/cmsy/m/n on input line 40.
LaTeX Font Info:    ... okay on input line 40.
LaTeX Font Info:    Checking defaults for OT1/cmr/m/n on input line 40.
LaTeX Font Info:    ... okay on input line 40.
LaTeX Font Info:    Checking defaults for T1/cmr/m/n on input line 40.
LaTeX Font Info:    ... okay on input line 40.
LaTeX Font Info:    Checking defaults for TS1/cmr/m/n on input line 40.
LaTeX Font Info:    ... okay on input line 40.
LaTeX Font Info:    Checking defaults for OMX/cmex/m/n on input line 40.
LaTeX Font Info:    ... okay on input line 40.
LaTeX Font Info:    Checking defaults for U/cmr/m/n on input line 40.
LaTeX Font Info:    ... okay on input line 40.

(/usr/share/texlive/texmf-dist/tex/context/base/mkii/supp-pdf.mkii
[Loading MPS to PDF converter (version 2006.09.02).]
\scratchcounter=\count286
\scratchdimen=\dimen164
\scratchbox=\box58
\nofMPsegments=\count287
\nofMParguments=\count288
\everyMPshowfont=\toks27
\MPscratchCnt=\count289
\MPscratchDim=\dimen165
\MPnumerator=\count290
\makeMPintoPDFobject=\count291
\everyMPtoPDFconversion=\toks28
) (/usr/share/texlive/texmf-dist/tex/latex/epstopdf-pkg/epstopdf-base.sty
Package: epstopdf-base 2020-01-24 v2.11 Base part for package epstopdf

(/usr/share/texlive/texmf-dist/tex/generic/infwarerr/infwarerr.sty
Package: infwarerr 2019/12/03 v1.5 Providing info/warning/error messages (HO)
)
(/usr/share/texlive/texmf-dist/tex/latex/grfext/grfext.sty
Package: grfext 2019/12/03 v1.3 Manage graphics extensions (HO)

(/usr/share/texlive/texmf-dist/tex/generic/kvdefinekeys/kvdefinekeys.sty
Package: kvdefinekeys 2019-12-19 v1.6 Define keys (HO)
))
(/usr/share/texlive/texmf-dist/tex/latex/kvoptions/kvoptions.sty
Package: kvoptions 2022-06-15 v3.15 Key value format for package options (HO)

(/usr/share/texlive/texmf-dist/tex/generic/ltxcmds/ltxcmds.sty
Package: ltxcmds 2023-12-04 v1.26 LaTeX kernel commands for general use (HO)
)
(/usr/share/texlive/texmf-dist/tex/latex/kvsetkeys/kvsetkeys.sty
Package: kvsetkeys 2022-10-05 v1.19 Key value parser (HO)
))
(/usr/share/texlive/texmf-dist/tex/generic/pdftexcmds/pdftexcmds.sty
Package: pdftexcmds 2020-06-27 v0.33 Utility functions of pdfTeX for LuaTeX (HO
)
Package pdftexcmds Info: \pdf@primitive is available.
Package pdftexcmds Info: \pdf@ifprimitive is available.
Package pdftexcmds Info: \pdfdraftmode found.
)
Package epstopdf-base Info: Redefining graphics rule for `.eps' on input line 4
85.
Package grfext Info: Graphics extension search list:
(grfext)             [.pdf,.png,.jpg,.mps,.jpeg,.jbig2,.jb2,.PDF,.PNG,.JPG,.JPE
G,.JBIG2,.JB2,.eps]
(grfext)             \AppendGraphicsExtensions on input line 504.

(/usr/share/texlive/texmf-dist/tex/latex/latexconfig/epstopdf-sys.cfg
File: epstopdf-sys.cfg 2010/07/13 v1.3 Configuration of (r)epstopdf for TeX Liv
e
))
\c@lstlisting=\count292

*geometry* driver: auto-detecting
*geometry* detected driver: pdftex
*geometry* verbose mode - [ preamble ] result:
* driver: pdftex
* paper: a4paper
* layout: <same size as paper>
* layoutoffset:(h,v)=(0.0pt,0.0pt)
* modes: 
* h-part:(L,W,R)=(72.26999pt, 452.9679pt, 72.26999pt)
* v-part:(T,H,B)=(72.26999pt, 700.50687pt, 72.26999pt)
* \paperwidth=597.50787pt
* \paperheight=845.04684pt
* \textwidth=452.9679pt
* \textheight=700.50687pt
* \oddsidemargin=0.0pt
* \evensidemargin=0.0pt
* \topmargin=-37.0pt
* \headheight=12.0pt
* \headsep=25.0pt
* \topskip=10.0pt
* \footskip=30.0pt
* \marginparwidth=65.0pt
* \marginparsep=11.0pt
* \columnsep=10.0pt
* \skip\footins=9.0pt plus 4.0pt minus 2.0pt
* \hoffset=0.0pt
* \voffset=0.0pt
* \mag=1000
* \@twocolumnfalse
* \@twosidefalse
* \@mparswitchfalse
* \@reversemarginfalse
* (1in=72.27pt=25.4mm, 1cm=28.453pt)

(/usr/share/texlive/texmf-dist/tex/latex/listings/lstlang1.sty
File: lstlang1.sty 2023/02/27 1.9 listings language file
) [1

{/var/lib/texmf/fonts/map/pdftex/updmap/pdftex.map}]
<../output_images/task1_original.png, id=12, 487.8225pt x 487.8225pt>
File: ../output_images/task1_original.png Graphic file (type png)
<use ../output_images/task1_original.png>
Package pdftex.def Info: ../output_images/task1_original.png  used on input lin
e 98.
(pdftex.def)             Requested size: 135.89174pt x 135.88966pt.
<../output_images/task1_eroded_1.png, id=13, 487.8225pt x 487.8225pt>
File: ../output_images/task1_eroded_1.png Graphic file (type png)
<use ../output_images/task1_eroded_1.png>
Package pdftex.def Info: ../output_images/task1_eroded_1.png  used on input lin
e 104.
(pdftex.def)             Requested size: 135.89174pt x 135.88966pt.

Underfull \hbox (badness 1112) in paragraph at lines 105--105
[]\OT1/cmr/m/n/10 Figure 2: Eroded Im-age (1
 []

<../output_images/task1_eroded_2_times.png, id=14, 487.8225pt x 487.8225pt>
File: ../output_images/task1_eroded_2_times.png Graphic file (type png)
<use ../output_images/task1_eroded_2_times.png>
Package pdftex.def Info: ../output_images/task1_eroded_2_times.png  used on inp
ut line 110.
(pdftex.def)             Requested size: 135.89174pt x 135.88966pt.

Underfull \hbox (badness 1112) in paragraph at lines 111--111
[]\OT1/cmr/m/n/10 Figure 3: Eroded Im-age (2
 []

[2 <../output_images/task1_original.png (PNG copy)> <../output_images/task1_ero
ded_1.png (PNG copy)> <../output_images/task1_eroded_2_times.png (PNG copy)>]
<../output_images/task2_original.png, id=19, 677.53125pt x 532.99126pt>
File: ../output_images/task2_original.png Graphic file (type png)
<use ../output_images/task2_original.png>
Package pdftex.def Info: ../output_images/task2_original.png  used on input lin
e 188.
(pdftex.def)             Requested size: 181.18439pt x 142.527pt.
<../output_images/task2_opened_r5.png, id=20, 677.53125pt x 532.99126pt>
File: ../output_images/task2_opened_r5.png Graphic file (type png)
<use ../output_images/task2_opened_r5.png>
Package pdftex.def Info: ../output_images/task2_opened_r5.png  used on input li
ne 196.
(pdftex.def)             Requested size: 135.89174pt x 106.89728pt.
<../output_images/task2_opened_r25.png, id=21, 677.53125pt x 532.99126pt>
File: ../output_images/task2_opened_r25.png Graphic file (type png)
<use ../output_images/task2_opened_r25.png>
Package pdftex.def Info: ../output_images/task2_opened_r25.png  used on input l
ine 202.
(pdftex.def)             Requested size: 135.89174pt x 106.89728pt.
<../output_images/task2_opened_r45.png, id=22, 677.53125pt x 532.99126pt>
File: ../output_images/task2_opened_r45.png Graphic file (type png)
<use ../output_images/task2_opened_r45.png>
Package pdftex.def Info: ../output_images/task2_opened_r45.png  used on input l
ine 208.
(pdftex.def)             Requested size: 135.89174pt x 106.89728pt.

[3 <../output_images/task2_original.png (PNG copy)>]
<../output_images/task2_granulometry_curve.png, id=26, 433.62pt x 289.08pt>
File: ../output_images/task2_granulometry_curve.png Graphic file (type png)
<use ../output_images/task2_granulometry_curve.png>
Package pdftex.def Info: ../output_images/task2_granulometry_curve.png  used on
 input line 217.
(pdftex.def)             Requested size: 203.83417pt x 135.88966pt.
<../output_images/task2_intensity_difference_curve.png, id=28, 433.62pt x 289.0
8pt>
File: ../output_images/task2_intensity_difference_curve.png Graphic file (type 
png)
<use ../output_images/task2_intensity_difference_curve.png>
Package pdftex.def Info: ../output_images/task2_intensity_difference_curve.png 
 used on input line 223.
(pdftex.def)             Requested size: 203.83417pt x 135.88966pt.
 [4 <../output_images/task2_opened_r5.png (PNG copy)> <../output_images/task2_o
pened_r25.png (PNG copy)> <../output_images/task2_opened_r45.png (PNG copy)> <.
./output_images/task2_granulometry_curve.png> <../output_images/task2_intensity
_difference_curve.png>]
<../output_images/task3_original.png, id=34, 602.25pt x 602.25pt>
File: ../output_images/task3_original.png Graphic file (type png)
<use ../output_images/task3_original.png>
Package pdftex.def Info: ../output_images/task3_original.png  used on input lin
e 304.
(pdftex.def)             Requested size: 203.83417pt x 203.83414pt.
<../output_images/task3_boundary.png, id=35, 602.25pt x 602.25pt>
File: ../output_images/task3_boundary.png Graphic file (type png)
<use ../output_images/task3_boundary.png>
Package pdftex.def Info: ../output_images/task3_boundary.png  used on input lin
e 310.
(pdftex.def)             Requested size: 203.83417pt x 203.83414pt.
<../output_images/task3_openings.png, id=36, 867.24pt x 578.16pt>
File: ../output_images/task3_openings.png Graphic file (type png)
<use ../output_images/task3_openings.png>
Package pdftex.def Info: ../output_images/task3_openings.png  used on input lin
e 319.
(pdftex.def)             Requested size: 203.83417pt x 135.88525pt.
<../output_images/task3_closings.png, id=37, 867.24pt x 578.16pt>
File: ../output_images/task3_closings.png Graphic file (type png)
<use ../output_images/task3_closings.png>
Package pdftex.def Info: ../output_images/task3_closings.png  used on input lin
e 325.
(pdftex.def)             Requested size: 203.83417pt x 135.88525pt.

[5 <../output_images/task3_original.png (PNG copy)> <../output_images/task3_bou
ndary.png (PNG copy)>] [6 <../output_images/task3_openings.png> <../output_imag
es/task3_closings.png>]
<../output_images/task4_original.png, id=46, 456.70625pt x 784.9325pt>
File: ../output_images/task4_original.png Graphic file (type png)
<use ../output_images/task4_original.png>
Package pdftex.def Info: ../output_images/task4_original.png  used on input lin
e 389.
(pdftex.def)             Requested size: 203.83417pt x 350.3179pt.
<../output_images/task4_binary.png, id=47, 456.70625pt x 784.9325pt>
File: ../output_images/task4_binary.png Graphic file (type png)
<use ../output_images/task4_binary.png>
Package pdftex.def Info: ../output_images/task4_binary.png  used on input line 
395.
(pdftex.def)             Requested size: 203.83417pt x 350.3179pt.
<../output_images/task4_clean_binary.png, id=48, 456.70625pt x 784.9325pt>
File: ../output_images/task4_clean_binary.png Graphic file (type png)
<use ../output_images/task4_clean_binary.png>
Package pdftex.def Info: ../output_images/task4_clean_binary.png  used on input
 line 404.
(pdftex.def)             Requested size: 203.83417pt x 350.3179pt.
<../output_images/task4_boundary_particles.png, id=49, 456.70625pt x 784.9325pt
>
File: ../output_images/task4_boundary_particles.png Graphic file (type png)
<use ../output_images/task4_boundary_particles.png>
Package pdftex.def Info: ../output_images/task4_boundary_particles.png  used on
 input line 410.
(pdftex.def)             Requested size: 203.83417pt x 350.3179pt.
 [7 <../output_images/task4_original.png (PNG copy)> <../output_images/task4_bi
nary.png (PNG copy)>]
<../output_images/task4_overlapping_particles.png, id=54, 456.70625pt x 784.932
5pt>
File: ../output_images/task4_overlapping_particles.png Graphic file (type png)
<use ../output_images/task4_overlapping_particles.png>
Package pdftex.def Info: ../output_images/task4_overlapping_particles.png  used
 on input line 419.
(pdftex.def)             Requested size: 203.83417pt x 350.3179pt.
<../output_images/task4_nonoverlapping_particles.png, id=55, 456.70625pt x 784.
9325pt>
File: ../output_images/task4_nonoverlapping_particles.png Graphic file (type pn
g)
<use ../output_images/task4_nonoverlapping_particles.png>
Package pdftex.def Info: ../output_images/task4_nonoverlapping_particles.png  u
sed on input line 425.
(pdftex.def)             Requested size: 203.83417pt x 350.3179pt.
 [8 <../output_images/task4_clean_binary.png (PNG copy)> <../output_images/task
4_boundary_particles.png (PNG copy)>] [9 <../output_images/task4_overlapping_pa
rticles.png (PNG copy)> <../output_images/task4_nonoverlapping_particles.png (P
NG copy)>] (./report.aux)
 ***********
LaTeX2e <2023-11-01> patch level 1
L3 programming layer <2024-01-22>
 ***********
 ) 
Here is how much of TeX's memory you used:
 5655 strings out of 476182
 87203 string characters out of 5795594
 2173975 words of memory out of 5000000
 27609 multiletter control sequences out of 15000+600000
 563788 words of font info for 57 fonts, out of 8000000 for 9000
 14 hyphenation exceptions out of 8191
 61i,8n,69p,588b,1698s stack positions out of 10000i,1000n,20000p,200000b,200000s
</usr/share/texlive/texmf-dist/fonts/type1/public/amsfonts/cm/cmbx10.pfb></us
r/share/texlive/texmf-dist/fonts/type1/public/amsfonts/cm/cmbx12.pfb></usr/shar
e/texlive/texmf-dist/fonts/type1/public/amsfonts/cm/cmr10.pfb></usr/share/texli
ve/texmf-dist/fonts/type1/public/amsfonts/cm/cmr12.pfb></usr/share/texlive/texm
f-dist/fonts/type1/public/amsfonts/cm/cmr17.pfb></usr/share/texlive/texmf-dist/
fonts/type1/public/amsfonts/cm/cmr5.pfb></usr/share/texlive/texmf-dist/fonts/ty
pe1/public/amsfonts/cm/cmtt8.pfb>
Output written on report.pdf (9 pages, 1006966 bytes).
PDF statistics:
 93 PDF objects out of 1000 (max. 8388607)
 44 compressed objects within 1 object stream
 0 named destinations out of 1000 (max. 500000)
 96 words of extra memory for PDF output out of 10000 (max. 10000000)

